<?xml version="1.0" encoding="UTF-8"?>
<testng-results skipped="0" failed="0" total="1" passed="1">
  <reporter-output>
  </reporter-output>
  <suite name="ProgrammingRecipes Selenium Cucmber" duration-ms="26142" started-at="2021-01-22T03:30:34Z" finished-at="2021-01-22T03:31:00Z">
    <groups>
      <group name="cucumber">
        <method signature="AbstractTestNGCucumberTests.feature(cucumber.api.testng.CucumberFeatureWrapper)[pri:0, instance:runners.MainRunner@643b1d11]" name="feature" class="cucumber.api.testng.AbstractTestNGCucumberTests"/>
      </group> <!-- cucumber -->
    </groups>
    <test name="Just Eat" duration-ms="26142" started-at="2021-01-22T03:30:34Z" finished-at="2021-01-22T03:31:00Z">
      <class name="runners.MainRunner">
        <test-method status="PASS" signature="setUpClass()[pri:0, instance:runners.MainRunner@643b1d11]" name="setUpClass" is-config="true" duration-ms="209" started-at="2021-01-21T22:30:34Z" finished-at="2021-01-21T22:30:34Z">
          <reporter-output>
          </reporter-output>
        </test-method> <!-- setUpClass -->
        <test-method status="PASS" signature="feature(cucumber.api.testng.CucumberFeatureWrapper)[pri:0, instance:runners.MainRunner@643b1d11]" name="feature" duration-ms="25467" started-at="2021-01-21T22:30:34Z" description="Runs Cucumber Feature" data-provider="features" finished-at="2021-01-21T22:31:00Z">
          <params>
            <param index="0">
              <value>
                <![CDATA[Use the website to find restaurants]]>
              </value>
            </param>
          </params>
          <reporter-output>
          </reporter-output>
        </test-method> <!-- feature -->
        <test-method status="PASS" signature="tearDownClass()[pri:0, instance:runners.MainRunner@643b1d11]" name="tearDownClass" is-config="true" duration-ms="381" started-at="2021-01-21T22:31:00Z" finished-at="2021-01-21T22:31:00Z">
          <reporter-output>
          </reporter-output>
        </test-method> <!-- tearDownClass -->
      </class> <!-- runners.MainRunner -->
    </test> <!-- Just Eat -->
  </suite> <!-- ProgrammingRecipes Selenium Cucmber -->
</testng-results>
