<?xml version="1.0" encoding="UTF-8"?>
<testng-results skipped="0" failed="0" total="1" passed="1">
  <reporter-output>
  </reporter-output>
  <suite name="ProgrammingRecipes Selenium Cucmber" duration-ms="15694" started-at="2021-01-22T01:42:28Z" finished-at="2021-01-22T01:42:44Z">
    <groups>
      <group name="cucumber">
        <method signature="AbstractTestNGCucumberTests.feature(cucumber.api.testng.CucumberFeatureWrapper)[pri:0, instance:runners.MainRunner@36d4b5c]" name="feature" class="cucumber.api.testng.AbstractTestNGCucumberTests"/>
      </group> <!-- cucumber -->
    </groups>
    <test name="Just Eat" duration-ms="15694" started-at="2021-01-22T01:42:28Z" finished-at="2021-01-22T01:42:44Z">
      <class name="runners.MainRunner">
        <test-method status="PASS" signature="setUpClass()[pri:0, instance:runners.MainRunner@36d4b5c]" name="setUpClass" is-config="true" duration-ms="217" started-at="2021-01-21T20:42:28Z" finished-at="2021-01-21T20:42:28Z">
          <reporter-output>
          </reporter-output>
        </test-method> <!-- setUpClass -->
        <test-method status="PASS" signature="feature(cucumber.api.testng.CucumberFeatureWrapper)[pri:0, instance:runners.MainRunner@36d4b5c]" name="feature" duration-ms="14967" started-at="2021-01-21T20:42:28Z" description="Runs Cucumber Feature" data-provider="features" finished-at="2021-01-21T20:42:43Z">
          <params>
            <param index="0">
              <value>
                <![CDATA[Use the website to find restaurants]]>
              </value>
            </param>
          </params>
          <reporter-output>
          </reporter-output>
        </test-method> <!-- feature -->
        <test-method status="PASS" signature="tearDownClass()[pri:0, instance:runners.MainRunner@36d4b5c]" name="tearDownClass" is-config="true" duration-ms="416" started-at="2021-01-21T20:42:43Z" finished-at="2021-01-21T20:42:44Z">
          <reporter-output>
          </reporter-output>
        </test-method> <!-- tearDownClass -->
      </class> <!-- runners.MainRunner -->
    </test> <!-- Just Eat -->
  </suite> <!-- ProgrammingRecipes Selenium Cucmber -->
</testng-results>
