<?xml version="1.0" encoding="UTF-8"?>
<testng-results skipped="0" failed="0" total="1" passed="1">
  <reporter-output>
  </reporter-output>
  <suite name="ProgrammingRecipes Selenium Cucmber" duration-ms="27764" started-at="2021-01-22T02:34:53Z" finished-at="2021-01-22T02:35:21Z">
    <groups>
      <group name="cucumber">
        <method signature="AbstractTestNGCucumberTests.feature(cucumber.api.testng.CucumberFeatureWrapper)[pri:0, instance:runners.MainRunner@69ea3742]" name="feature" class="cucumber.api.testng.AbstractTestNGCucumberTests"/>
      </group> <!-- cucumber -->
    </groups>
    <test name="Just Eat" duration-ms="27764" started-at="2021-01-22T02:34:53Z" finished-at="2021-01-22T02:35:21Z">
      <class name="runners.MainRunner">
        <test-method status="PASS" signature="setUpClass()[pri:0, instance:runners.MainRunner@69ea3742]" name="setUpClass" is-config="true" duration-ms="234" started-at="2021-01-21T21:34:53Z" finished-at="2021-01-21T21:34:53Z">
          <reporter-output>
          </reporter-output>
        </test-method> <!-- setUpClass -->
        <test-method status="PASS" signature="feature(cucumber.api.testng.CucumberFeatureWrapper)[pri:0, instance:runners.MainRunner@69ea3742]" name="feature" duration-ms="27067" started-at="2021-01-21T21:34:53Z" description="Runs Cucumber Feature" data-provider="features" finished-at="2021-01-21T21:35:20Z">
          <params>
            <param index="0">
              <value>
                <![CDATA[Use the website to find restaurants]]>
              </value>
            </param>
          </params>
          <reporter-output>
          </reporter-output>
        </test-method> <!-- feature -->
        <test-method status="PASS" signature="tearDownClass()[pri:0, instance:runners.MainRunner@69ea3742]" name="tearDownClass" is-config="true" duration-ms="384" started-at="2021-01-21T21:35:20Z" finished-at="2021-01-21T21:35:21Z">
          <reporter-output>
          </reporter-output>
        </test-method> <!-- tearDownClass -->
      </class> <!-- runners.MainRunner -->
    </test> <!-- Just Eat -->
  </suite> <!-- ProgrammingRecipes Selenium Cucmber -->
</testng-results>
